2026-01-05 10:03:03 INFO  testCases.T004_SnoozedMailFromInbox -  Browser launched: chrome
2026-01-05 10:03:03 INFO  testCases.T004_SnoozedMailFromInbox -  Application URL opened: https://mail.dil.in/
2026-01-05 10:03:37 INFO  pageObjects.MyAccountPage -  STARTING: Snoozed Mail From Inbox Page Verification 
2026-01-05 10:03:37 INFO  utilities.ReusableForUnread - ========== STARTING: Mail Count in Snoozed Before Move ==========
2026-01-05 10:03:44 INFO  utilities.ReusableForUnread - Total Count of Mail in Snoozed BEFORE move: 4
2026-01-05 10:03:44 INFO  utilities.ReusableForUnread - Stored mail count before move: 4
2026-01-05 10:03:44 INFO  utilities.ReusableForUnread - ========== COMPLETED: Mail Count in Snoozed (Before Move) ==========
2026-01-05 10:04:11 INFO  pageObjects.MyAccountPage - Fetching total email count from Inbox Page...
2026-01-05 10:04:12 INFO  pageObjects.MyAccountPage - Total Email Count on Inbox Page: 9
2026-01-05 10:04:12 INFO  pageObjects.MyAccountPage - Clicking First Mail On Inbox Page...
2026-01-05 10:04:18 INFO  pageObjects.MyAccountPage - Clicked First Mail On Inbox Page.
2026-01-05 10:04:18 INFO  pageObjects.MyAccountPage - Switching to Inbox page frame (Ic to ifViewMail1)...
2026-01-05 10:04:21 INFO  pageObjects.MyAccountPage - Switched to ifViewMail1 frame successfully.
2026-01-05 10:04:21 INFO  pageObjects.MyAccountPage - Checking Cross button is visible or not on popup...
2026-01-05 10:04:22 INFO  pageObjects.MyAccountPage -  Cross button is visible...
2026-01-05 10:04:22 INFO  pageObjects.MyAccountPage - Trying to Click Cross button...
2026-01-05 10:04:28 INFO  pageObjects.MyAccountPage - Cross button is Clicked ...
2026-01-05 10:04:28 INFO  pageObjects.MyAccountPage - Checking Snoozed button is visible or not...
2026-01-05 10:04:29 INFO  pageObjects.MyAccountPage -  Snoozed button is visible...
2026-01-05 10:04:29 INFO  pageObjects.MyAccountPage - Trying to Click Snoozed button...
2026-01-05 10:04:36 INFO  pageObjects.MyAccountPage - Snoozed button is Clicked ...
2026-01-05 10:04:36 INFO  pageObjects.MyAccountPage - Checking 28th date is visible or not on Calendar...
2026-01-05 10:04:36 INFO  pageObjects.MyAccountPage -  28th date is visible on Calendar...
2026-01-05 10:04:36 INFO  pageObjects.MyAccountPage - Trying to Click on 28 date on Calendar...
2026-01-05 10:04:43 INFO  pageObjects.MyAccountPage - 28 date button is Clicked ...
2026-01-05 10:04:43 INFO  pageObjects.MyAccountPage - Checking Selected date is visible or not on Calendar...
2026-01-05 10:04:44 INFO  pageObjects.MyAccountPage - Selected date button is visible ...
2026-01-05 10:04:44 INFO  pageObjects.MyAccountPage - Checking Snooze Button is visible or not on Calendar...
2026-01-05 10:04:45 INFO  pageObjects.MyAccountPage -  Snooze Button is visible on Calendar...
2026-01-05 10:04:45 INFO  pageObjects.MyAccountPage - Trying to Click on Snooze Button on Calendar...
2026-01-05 10:04:51 INFO  pageObjects.MyAccountPage - Snooze Button is Clicked ...
2026-01-05 10:04:51 INFO  pageObjects.MyAccountPage - Trying to check that count of mail in Snoozed Page is increased or not after snoozing mail from Inbox...
2026-01-05 10:04:51 INFO  utilities.ReusableForUnread - ========== STARTING: Mail Count in Snoozed After Move ==========
2026-01-05 10:05:00 INFO  utilities.ReusableForUnread - Total Count of Mail in Trash AFTER move: 5
2026-01-05 10:05:00 INFO  utilities.ReusableForUnread - Verifying mail count has increased after moving mail to Trash...
2026-01-05 10:05:00 INFO  utilities.ReusableForUnread - Mail count validation successful.
2026-01-05 10:05:01 INFO  pageObjects.MyAccountPage -  count of mail in Snoozed Page is increased after snoozing mail from Inbox...
2026-01-05 10:05:01 INFO  pageObjects.MyAccountPage -  COMPLETED: Snoozed Page Verification 
2026-01-05 10:05:16 INFO  testCases.T004_SnoozedMailFromInbox -  Browser closed successfully.
